[Matrix for Gausss Elimination]
50.000000	0.000000	58.753284	
0.000000	156.122449	15.413533	

[Optimized Params]
param 0 : 1.175066
param 1 : 0.098727

RMS = 5.822802
[Matrix for Gausss Elimination]
50.000000	0.000000	156.122449	58.753284	
0.000000	156.122449	0.000000	15.413533	
156.122449	0.000000	877.003714	162.431535	

[Optimized Params]
param 0 : 1.343586
param 1 : 0.098727
param 2 : -0.053971

RMS = 4.688200
[Matrix for Gausss Elimination]
50.000000	0.000000	156.122449	0.000000	58.753284	
0.000000	156.122449	0.000000	877.003714	15.413533	
156.122449	0.000000	877.003714	-0.000000	162.431535	
0.000000	877.003714	-0.000000	5861.738582	88.084633	

[Optimized Params]
param 0 : 1.343586
param 1 : 0.089715
param 2 : -0.053971
param 3 : 0.001604

RMS = 4.685792
[Matrix for Gausss Elimination]
50.000000	0.000000	156.122449	0.000000	877.003714	58.753284	
0.000000	156.122449	0.000000	877.003714	-0.000000	15.413533	
156.122449	0.000000	877.003714	-0.000000	5861.738582	162.431535	
0.000000	877.003714	-0.000000	5861.738582	-0.000000	88.084633	
877.003714	-0.000000	5861.738582	-0.000000	42638.645157	928.958338	

[Optimized Params]
param 0 : 1.570674
param 1 : 0.089715
param 2 : -0.296850
param 3 : 0.001604
param 4 : 0.030290

RMS = 2.656663
[Matrix for Gausss Elimination]
50.000000	0.000000	156.122449	0.000000	877.003714	-0.000000	58.753284	
0.000000	156.122449	0.000000	877.003714	-0.000000	5861.738582	15.413533	
156.122449	0.000000	877.003714	-0.000000	5861.738582	-0.000000	162.431535	
0.000000	877.003714	-0.000000	5861.738582	-0.000000	42638.645157	88.084633	
877.003714	-0.000000	5861.738582	-0.000000	42638.645157	-0.000000	928.958338	
-0.000000	5861.738582	-0.000000	42638.645157	-0.000000	326094.376157	595.564437	

[Optimized Params]
param 0 : 1.570674
param 1 : 0.094814
param 2 : -0.296850
param 3 : -0.000943
param 4 : 0.030290
param 5 : 0.000245

RMS = 2.656351
[Matrix for Gausss Elimination]
50.000000	0.000000	156.122449	0.000000	877.003714	-0.000000	5861.738582	58.753284	
0.000000	156.122449	0.000000	877.003714	-0.000000	5861.738582	-0.000000	15.413533	
156.122449	0.000000	877.003714	-0.000000	5861.738582	-0.000000	42638.645157	162.431535	
0.000000	877.003714	-0.000000	5861.738582	-0.000000	42638.645157	-0.000000	88.084633	
877.003714	-0.000000	5861.738582	-0.000000	42638.645157	-0.000000	326094.376157	928.958338	
-0.000000	5861.738582	-0.000000	42638.645157	-0.000000	326094.376157	-0.000000	595.564437	
5861.738582	-0.000000	42638.645157	-0.000000	326094.376157	-0.000000	2577815.582000	6270.496279	

[Optimized Params]
param 0 : 1.798880
param 1 : 0.094814
param 2 : -0.810925
param 3 : -0.000943
param 4 : 0.195636
param 5 : 0.000245
param 6 : -0.012993

RMS = 0.622577
[Matrix for Gausss Elimination]
50.000000	0.000000	156.122449	0.000000	877.003714	-0.000000	5861.738582	-0.000000	58.753284	
0.000000	156.122449	0.000000	877.003714	-0.000000	5861.738582	-0.000000	42638.645157	15.413533	
156.122449	0.000000	877.003714	-0.000000	5861.738582	-0.000000	42638.645157	-0.000000	162.431535	
0.000000	877.003714	-0.000000	5861.738582	-0.000000	42638.645157	-0.000000	326094.376157	88.084633	
877.003714	-0.000000	5861.738582	-0.000000	42638.645157	-0.000000	326094.376157	-0.000000	928.958338	
-0.000000	5861.738582	-0.000000	42638.645157	-0.000000	326094.376157	-0.000000	2577815.582000	595.564437	
5861.738582	-0.000000	42638.645157	-0.000000	326094.376157	-0.000000	2577815.582000	-0.000000	6270.496279	
-0.000000	42638.645157	-0.000000	326094.376157	-0.000000	2577815.582000	-0.000000	20860890.738941	4367.908746	

[Optimized Params]
param 0 : 1.798880
param 1 : 0.094155
param 2 : -0.810925
param 3 : -0.000306
param 4 : 0.195636
param 5 : 0.000095
param 6 : -0.012993
param 7 : 0.000010

RMS = 0.622574
[Matrix for Gausss Elimination]
50.000000	0.000000	156.122449	0.000000	877.003714	-0.000000	5861.738582	-0.000000	42638.645157	58.753284	
0.000000	156.122449	0.000000	877.003714	-0.000000	5861.738582	-0.000000	42638.645157	-0.000000	15.413533	
156.122449	0.000000	877.003714	-0.000000	5861.738582	-0.000000	42638.645157	-0.000000	326094.376157	162.431535	
0.000000	877.003714	-0.000000	5861.738582	-0.000000	42638.645157	-0.000000	326094.376157	-0.000000	88.084633	
877.003714	-0.000000	5861.738582	-0.000000	42638.645157	-0.000000	326094.376157	-0.000000	2577815.582000	928.958338	
-0.000000	5861.738582	-0.000000	42638.645157	-0.000000	326094.376157	-0.000000	2577815.582000	-0.000000	595.564437	
5861.738582	-0.000000	42638.645157	-0.000000	326094.376157	-0.000000	2577815.582000	-0.000000	20860890.738941	6270.496279	
-0.000000	42638.645157	-0.000000	326094.376157	-0.000000	2577815.582000	-0.000000	20860890.738941	-0.000000	4367.908746	
42638.645157	-0.000000	326094.376157	-0.000000	2577815.582000	-0.000000	20860890.738941	-0.000000	171780769.682353	45708.976374	

[Optimized Params]
param 0 : 1.909411
param 1 : 0.094155
param 2 : -1.239506
param 3 : -0.000306
param 4 : 0.449383
param 5 : 0.000095
param 6 : -0.060313
param 7 : 0.000010
param 8 : 0.002726

RMS = 0.148954
[Matrix for Gausss Elimination]
50.000000	0.000000	156.122449	0.000000	877.003714	-0.000000	5861.738582	-0.000000	42638.645157	-0.000000	58.753284	
0.000000	156.122449	0.000000	877.003714	-0.000000	5861.738582	-0.000000	42638.645157	-0.000000	326094.376157	15.413533	
156.122449	0.000000	877.003714	-0.000000	5861.738582	-0.000000	42638.645157	-0.000000	326094.376157	-0.000000	162.431535	
0.000000	877.003714	-0.000000	5861.738582	-0.000000	42638.645157	-0.000000	326094.376157	-0.000000	2577815.582000	88.084633	
877.003714	-0.000000	5861.738582	-0.000000	42638.645157	-0.000000	326094.376157	-0.000000	2577815.582000	-0.000000	928.958338	
-0.000000	5861.738582	-0.000000	42638.645157	-0.000000	326094.376157	-0.000000	2577815.582000	-0.000000	20860890.738941	595.564437	
5861.738582	-0.000000	42638.645157	-0.000000	326094.376157	-0.000000	2577815.582000	-0.000000	20860890.738941	-0.000000	6270.496279	
-0.000000	42638.645157	-0.000000	326094.376157	-0.000000	2577815.582000	-0.000000	20860890.738941	-0.000000	171780769.682353	4367.908746	
42638.645157	-0.000000	326094.376157	-0.000000	2577815.582000	-0.000000	20860890.738941	-0.000000	171780769.682353	-0.000000	45708.976374	
-0.000000	326094.376157	-0.000000	2577815.582000	-0.000000	20860890.738941	-0.000000	171780769.682353	-0.000000	1433641467.699924	33579.133711	

[Optimized Params]
param 0 : 1.909411
param 1 : 0.052603
param 2 : -1.239506
param 3 : 0.065477
param 4 : 0.449383
param 5 : -0.027583
param 6 : -0.060313
param 7 : 0.004273
param 8 : 0.002726
param 9 : -0.000217

RMS = 0.142132
[Matrix for Gausss Elimination]
50.000000	0.000000	156.122449	0.000000	877.003714	-0.000000	5861.738582	-0.000000	42638.645157	-0.000000	326094.376157	58.753284	
0.000000	156.122449	0.000000	877.003714	-0.000000	5861.738582	-0.000000	42638.645157	-0.000000	326094.376157	-0.000000	15.413533	
156.122449	0.000000	877.003714	-0.000000	5861.738582	-0.000000	42638.645157	-0.000000	326094.376157	-0.000000	2577815.582000	162.431535	
0.000000	877.003714	-0.000000	5861.738582	-0.000000	42638.645157	-0.000000	326094.376157	-0.000000	2577815.582000	-0.000000	88.084633	
877.003714	-0.000000	5861.738582	-0.000000	42638.645157	-0.000000	326094.376157	-0.000000	2577815.582000	-0.000000	20860890.738941	928.958338	
-0.000000	5861.738582	-0.000000	42638.645157	-0.000000	326094.376157	-0.000000	2577815.582000	-0.000000	20860890.738941	-0.000000	595.564437	
5861.738582	-0.000000	42638.645157	-0.000000	326094.376157	-0.000000	2577815.582000	-0.000000	20860890.738941	-0.000000	171780769.682353	6270.496279	
-0.000000	42638.645157	-0.000000	326094.376157	-0.000000	2577815.582000	-0.000000	20860890.738941	-0.000000	171780769.682353	-0.000000	4367.908746	
42638.645157	-0.000000	326094.376157	-0.000000	2577815.582000	-0.000000	20860890.738941	-0.000000	171780769.682353	-0.000000	1433641467.699924	45708.976374	
-0.000000	326094.376157	-0.000000	2577815.582000	-0.000000	20860890.738941	-0.000000	171780769.682353	-0.000000	1433641467.699924	-0.000001	33579.133711	
326094.376157	-0.000000	2577815.582000	-0.000000	20860890.738941	-0.000000	171780769.682353	-0.000000	1433641467.699924	-0.000001	12092550435.605684	349098.066141	

[Optimized Params]
param 0 : 1.944352
param 1 : 0.052603
param 2 : -1.447568
param 3 : 0.065477
param 4 : 0.644505
param 5 : -0.027583
param 6 : -0.123619
param 7 : 0.004273
param 8 : 0.011034
param 9 : -0.000217
param 10 : -0.000379

RMS = 0.095204
